\BOOKMARK [0][-]{titlepage.0}{\376\377\000T\000i\000t\000e\000l\000s\000e\000i\000t\000e}{}% 1
\BOOKMARK [0][-]{abstract.0}{\376\377\000A\000b\000s\000t\000r\000a\000c\000t}{}% 2
\BOOKMARK [0][-]{vorwort.0}{\376\377\000V\000o\000r\000w\000o\000r\000t}{}% 3
\BOOKMARK [0][-]{toc.0}{\376\377\000I\000n\000h\000a\000l\000t\000s\000v\000e\000r\000z\000e\000i\000c\000h\000n\000i\000s}{}% 4
\BOOKMARK [0][-]{chapter.1}{\376\377\000M\000e\000i\000n\000\040\000a\000l\000l\000e\000r\000e\000r\000s\000t\000e\000s\000\040\000K\000a\000p\000i\000t\000e\000l}{}% 5
\BOOKMARK [1][-]{section.1.1}{\376\377\000M\000e\000i\000n\000\040\000a\000l\000l\000e\000r\000e\000r\000s\000t\000e\000s\000\040\000U\000n\000t\000e\000r\000k\000a\000p\000i\000t\000e\000l}{chapter.1}% 6
\BOOKMARK [2][-]{subsection.1.1.1}{\376\377\000E\000i\000n\000\040\000U\000n\000t\000e\000r\000u\000n\000t\000e\000r\000k\000a\000p\000i\000t\000e\000l}{section.1.1}% 7
\BOOKMARK [2][-]{subsection.1.1.2}{\376\377\000Z\000i\000t\000i\000e\000r\000b\000e\000i\000s\000p\000i\000e\000l\000e}{section.1.1}% 8
\BOOKMARK [1][-]{section.1.2}{\376\377\000E\000i\000n\000h\000e\000i\000t\000e\000n}{chapter.1}% 9
\BOOKMARK [1][-]{section.1.3}{\376\377\000T\000e\000x\000t}{chapter.1}% 10
\BOOKMARK [0][-]{chapter.2}{\376\377\000H\000i\000e\000r\000\040\000g\000e\000h\000t\000s\000\040\000l\000o\000s}{}% 11
\BOOKMARK [0][-]{chapter.3}{\376\377\000M\000e\000i\000n\000\040\000d\000r\000i\000t\000t\000e\000s\000\040\000K\000a\000p\000i\000t\000e\000l}{}% 12
\BOOKMARK [0][-]{chapter*.4}{\376\377\000L\000i\000t\000e\000r\000a\000t\000u\000r\000v\000e\000r\000z\000e\000i\000c\000h\000n\000i\000s}{}% 13
\BOOKMARK [1][-]{section*.5}{\376\377\000P\000r\000i\000n\000t\000-\000Q\000u\000e\000l\000l\000e\000n}{chapter*.4}% 14
\BOOKMARK [1][-]{section*.6}{\376\377\000I\000n\000t\000e\000r\000n\000e\000t\000-\000Q\000u\000e\000l\000l\000e\000n}{chapter*.4}% 15
\BOOKMARK [1][-]{section*.7}{\376\377\000I\000n\000t\000e\000r\000v\000i\000e\000w\000s}{chapter*.4}% 16
\BOOKMARK [0][-]{chapter*.8}{\376\377\000A\000b\000b\000i\000l\000d\000u\000n\000g\000s\000v\000e\000r\000z\000e\000i\000c\000h\000n\000i\000s}{}% 17
\BOOKMARK [0][-]{chapter*.9}{\376\377\000T\000a\000b\000e\000l\000l\000e\000n\000v\000e\000r\000z\000e\000i\000c\000h\000n\000i\000s}{}% 18
\BOOKMARK [0][-]{appendix.A}{\376\377\000I\000n\000t\000e\000r\000v\000i\000e\000w\000\040\000m\000i\000t\000\040\000E\000x\000\040\000P\000e\000r\000t\000e}{}% 19
\BOOKMARK [0][-]{chapter*.10}{\376\377\000E\000r\000k\000l\000\344\000r\000u\000n\000g\000e\000n}{}% 20
